<testsuites id="" name="" tests="55" failures="55" skipped="0" errors="0" time="19.446562999999998">
<testsuite name="safety-filters.spec.ts" timestamp="2025-10-02T05:05:44.558Z" hostname="chromium" tests="5" failures="5" skipped="0" time="0.046" errors="0">
<testcase name="Safety Filter System › should block drug-related keywords" classname="safety-filters.spec.ts" time="0.012">
<failure message="safety-filters.spec.ts:14:3 should block drug-related keywords" type="FAILURE">
<![CDATA[  [chromium] › safety-filters.spec.ts:14:3 › Safety Filter System › should block drug-related keywords 

    Error: browserType.launch: 
    ╔══════════════════════════════════════════════════════╗
    ║ Host system is missing dependencies to run browsers. ║
    ║ Please install them with the following command:      ║
    ║                                                      ║
    ║     sudo npx playwright install-deps                 ║
    ║                                                      ║
    ║ Alternatively, use apt:                              ║
    ║     sudo apt-get install libglib2.0-0t64\            ║
    ║         libnspr4\                                    ║
    ║         libnss3\                                     ║
    ║         libdbus-1-3\                                 ║
    ║         libatk1.0-0t64\                              ║
    ║         libatk-bridge2.0-0t64\                       ║
    ║         libatspi2.0-0t64\                            ║
    ║         libx11-6\                                    ║
    ║         libxcomposite1\                              ║
    ║         libxdamage1\                                 ║
    ║         libxext6\                                    ║
    ║         libxfixes3\                                  ║
    ║         libxrandr2\                                  ║
    ║         libgbm1\                                     ║
    ║         libxcb1\                                     ║
    ║         libxkbcommon0\                               ║
    ║         libasound2t64                                ║
    ║                                                      ║
    ║ <3 Playwright Team                                   ║
    ╚══════════════════════════════════════════════════════╝
]]>
</failure>
</testcase>
<testcase name="Safety Filter System › should filter violence-related content" classname="safety-filters.spec.ts" time="0.007">
<failure message="safety-filters.spec.ts:37:3 should filter violence-related content" type="FAILURE">
<![CDATA[  [chromium] › safety-filters.spec.ts:37:3 › Safety Filter System › should filter violence-related content 

    Error: browserType.launch: 
    ╔══════════════════════════════════════════════════════╗
    ║ Host system is missing dependencies to run browsers. ║
    ║ Please install them with the following command:      ║
    ║                                                      ║
    ║     sudo npx playwright install-deps                 ║
    ║                                                      ║
    ║ Alternatively, use apt:                              ║
    ║     sudo apt-get install libglib2.0-0t64\            ║
    ║         libnspr4\                                    ║
    ║         libnss3\                                     ║
    ║         libdbus-1-3\                                 ║
    ║         libatk1.0-0t64\                              ║
    ║         libatk-bridge2.0-0t64\                       ║
    ║         libatspi2.0-0t64\                            ║
    ║         libx11-6\                                    ║
    ║         libxcomposite1\                              ║
    ║         libxdamage1\                                 ║
    ║         libxext6\                                    ║
    ║         libxfixes3\                                  ║
    ║         libxrandr2\                                  ║
    ║         libgbm1\                                     ║
    ║         libxcb1\                                     ║
    ║         libxkbcommon0\                               ║
    ║         libasound2t64                                ║
    ║                                                      ║
    ║ <3 Playwright Team                                   ║
    ╚══════════════════════════════════════════════════════╝
]]>
</failure>
</testcase>
<testcase name="Safety Filter System › should handle Catholic doctrine guidance appropriately" classname="safety-filters.spec.ts" time="0.008">
<failure message="safety-filters.spec.ts:55:3 should handle Catholic doctrine guidance appropriately" type="FAILURE">
<![CDATA[  [chromium] › safety-filters.spec.ts:55:3 › Safety Filter System › should handle Catholic doctrine guidance appropriately 

    Error: browserType.launch: 
    ╔══════════════════════════════════════════════════════╗
    ║ Host system is missing dependencies to run browsers. ║
    ║ Please install them with the following command:      ║
    ║                                                      ║
    ║     sudo npx playwright install-deps                 ║
    ║                                                      ║
    ║ Alternatively, use apt:                              ║
    ║     sudo apt-get install libglib2.0-0t64\            ║
    ║         libnspr4\                                    ║
    ║         libnss3\                                     ║
    ║         libdbus-1-3\                                 ║
    ║         libatk1.0-0t64\                              ║
    ║         libatk-bridge2.0-0t64\                       ║
    ║         libatspi2.0-0t64\                            ║
    ║         libx11-6\                                    ║
    ║         libxcomposite1\                              ║
    ║         libxdamage1\                                 ║
    ║         libxext6\                                    ║
    ║         libxfixes3\                                  ║
    ║         libxrandr2\                                  ║
    ║         libgbm1\                                     ║
    ║         libxcb1\                                     ║
    ║         libxkbcommon0\                               ║
    ║         libasound2t64                                ║
    ║                                                      ║
    ║ <3 Playwright Team                                   ║
    ╚══════════════════════════════════════════════════════╝
]]>
</failure>
</testcase>
<testcase name="Safety Filter System › should moderate sensitive historical topics" classname="safety-filters.spec.ts" time="0.012">
<failure message="safety-filters.spec.ts:75:3 should moderate sensitive historical topics" type="FAILURE">
<![CDATA[  [chromium] › safety-filters.spec.ts:75:3 › Safety Filter System › should moderate sensitive historical topics 

    Error: browserType.launch: 
    ╔══════════════════════════════════════════════════════╗
    ║ Host system is missing dependencies to run browsers. ║
    ║ Please install them with the following command:      ║
    ║                                                      ║
    ║     sudo npx playwright install-deps                 ║
    ║                                                      ║
    ║ Alternatively, use apt:                              ║
    ║     sudo apt-get install libglib2.0-0t64\            ║
    ║         libnspr4\                                    ║
    ║         libnss3\                                     ║
    ║         libdbus-1-3\                                 ║
    ║         libatk1.0-0t64\                              ║
    ║         libatk-bridge2.0-0t64\                       ║
    ║         libatspi2.0-0t64\                            ║
    ║         libx11-6\                                    ║
    ║         libxcomposite1\                              ║
    ║         libxdamage1\                                 ║
    ║         libxext6\                                    ║
    ║         libxfixes3\                                  ║
    ║         libxrandr2\                                  ║
    ║         libgbm1\                                     ║
    ║         libxcb1\                                     ║
    ║         libxkbcommon0\                               ║
    ║         libasound2t64                                ║
    ║                                                      ║
    ║ <3 Playwright Team                                   ║
    ╚══════════════════════════════════════════════════════╝
]]>
</failure>
</testcase>
<testcase name="Visual Regression - Safety UI › safety warning modal displays correctly" classname="safety-filters.spec.ts" time="0.007">
<failure message="safety-filters.spec.ts:96:3 safety warning modal displays correctly" type="FAILURE">
<![CDATA[  [chromium] › safety-filters.spec.ts:96:3 › Visual Regression - Safety UI › safety warning modal displays correctly 

    Error: browserType.launch: 
    ╔══════════════════════════════════════════════════════╗
    ║ Host system is missing dependencies to run browsers. ║
    ║ Please install them with the following command:      ║
    ║                                                      ║
    ║     sudo npx playwright install-deps                 ║
    ║                                                      ║
    ║ Alternatively, use apt:                              ║
    ║     sudo apt-get install libglib2.0-0t64\            ║
    ║         libnspr4\                                    ║
    ║         libnss3\                                     ║
    ║         libdbus-1-3\                                 ║
    ║         libatk1.0-0t64\                              ║
    ║         libatk-bridge2.0-0t64\                       ║
    ║         libatspi2.0-0t64\                            ║
    ║         libx11-6\                                    ║
    ║         libxcomposite1\                              ║
    ║         libxdamage1\                                 ║
    ║         libxext6\                                    ║
    ║         libxfixes3\                                  ║
    ║         libxrandr2\                                  ║
    ║         libgbm1\                                     ║
    ║         libxcb1\                                     ║
    ║         libxkbcommon0\                               ║
    ║         libasound2t64                                ║
    ║                                                      ║
    ║ <3 Playwright Team                                   ║
    ╚══════════════════════════════════════════════════════╝
]]>
</failure>
</testcase>
</testsuite>
<testsuite name="safety-filters.spec.ts" timestamp="2025-10-02T05:05:44.558Z" hostname="firefox" tests="5" failures="5" skipped="0" time="0.035" errors="0">
<testcase name="Safety Filter System › should block drug-related keywords" classname="safety-filters.spec.ts" time="0.006">
<failure message="safety-filters.spec.ts:14:3 should block drug-related keywords" type="FAILURE">
<![CDATA[  [firefox] › safety-filters.spec.ts:14:3 › Safety Filter System › should block drug-related keywords 

    Error: browserType.launch: Executable doesn't exist at /home/runner/workspace/.cache/ms-playwright/firefox-1490/firefox/firefox
    ╔═════════════════════════════════════════════════════════════════════════╗
    ║ Looks like Playwright Test or Playwright was just installed or updated. ║
    ║ Please run the following command to download new browsers:              ║
    ║                                                                         ║
    ║     npx playwright install                                              ║
    ║                                                                         ║
    ║ <3 Playwright Team                                                      ║
    ╚═════════════════════════════════════════════════════════════════════════╝
]]>
</failure>
</testcase>
<testcase name="Safety Filter System › should filter violence-related content" classname="safety-filters.spec.ts" time="0.007">
<failure message="safety-filters.spec.ts:37:3 should filter violence-related content" type="FAILURE">
<![CDATA[  [firefox] › safety-filters.spec.ts:37:3 › Safety Filter System › should filter violence-related content 

    Error: browserType.launch: Executable doesn't exist at /home/runner/workspace/.cache/ms-playwright/firefox-1490/firefox/firefox
    ╔═════════════════════════════════════════════════════════════════════════╗
    ║ Looks like Playwright Test or Playwright was just installed or updated. ║
    ║ Please run the following command to download new browsers:              ║
    ║                                                                         ║
    ║     npx playwright install                                              ║
    ║                                                                         ║
    ║ <3 Playwright Team                                                      ║
    ╚═════════════════════════════════════════════════════════════════════════╝
]]>
</failure>
</testcase>
<testcase name="Safety Filter System › should handle Catholic doctrine guidance appropriately" classname="safety-filters.spec.ts" time="0.006">
<failure message="safety-filters.spec.ts:55:3 should handle Catholic doctrine guidance appropriately" type="FAILURE">
<![CDATA[  [firefox] › safety-filters.spec.ts:55:3 › Safety Filter System › should handle Catholic doctrine guidance appropriately 

    Error: browserType.launch: Executable doesn't exist at /home/runner/workspace/.cache/ms-playwright/firefox-1490/firefox/firefox
    ╔═════════════════════════════════════════════════════════════════════════╗
    ║ Looks like Playwright Test or Playwright was just installed or updated. ║
    ║ Please run the following command to download new browsers:              ║
    ║                                                                         ║
    ║     npx playwright install                                              ║
    ║                                                                         ║
    ║ <3 Playwright Team                                                      ║
    ╚═════════════════════════════════════════════════════════════════════════╝
]]>
</failure>
</testcase>
<testcase name="Safety Filter System › should moderate sensitive historical topics" classname="safety-filters.spec.ts" time="0.01">
<failure message="safety-filters.spec.ts:75:3 should moderate sensitive historical topics" type="FAILURE">
<![CDATA[  [firefox] › safety-filters.spec.ts:75:3 › Safety Filter System › should moderate sensitive historical topics 

    Error: browserType.launch: Executable doesn't exist at /home/runner/workspace/.cache/ms-playwright/firefox-1490/firefox/firefox
    ╔═════════════════════════════════════════════════════════════════════════╗
    ║ Looks like Playwright Test or Playwright was just installed or updated. ║
    ║ Please run the following command to download new browsers:              ║
    ║                                                                         ║
    ║     npx playwright install                                              ║
    ║                                                                         ║
    ║ <3 Playwright Team                                                      ║
    ╚═════════════════════════════════════════════════════════════════════════╝
]]>
</failure>
</testcase>
<testcase name="Visual Regression - Safety UI › safety warning modal displays correctly" classname="safety-filters.spec.ts" time="0.006">
<failure message="safety-filters.spec.ts:96:3 safety warning modal displays correctly" type="FAILURE">
<![CDATA[  [firefox] › safety-filters.spec.ts:96:3 › Visual Regression - Safety UI › safety warning modal displays correctly 

    Error: browserType.launch: Executable doesn't exist at /home/runner/workspace/.cache/ms-playwright/firefox-1490/firefox/firefox
    ╔═════════════════════════════════════════════════════════════════════════╗
    ║ Looks like Playwright Test or Playwright was just installed or updated. ║
    ║ Please run the following command to download new browsers:              ║
    ║                                                                         ║
    ║     npx playwright install                                              ║
    ║                                                                         ║
    ║ <3 Playwright Team                                                      ║
    ╚═════════════════════════════════════════════════════════════════════════╝
]]>
</failure>
</testcase>
</testsuite>
<testsuite name="safety-filters.spec.ts" timestamp="2025-10-02T05:05:44.558Z" hostname="webkit" tests="5" failures="5" skipped="0" time="0.041" errors="0">
<testcase name="Safety Filter System › should block drug-related keywords" classname="safety-filters.spec.ts" time="0.006">
<failure message="safety-filters.spec.ts:14:3 should block drug-related keywords" type="FAILURE">
<![CDATA[  [webkit] › safety-filters.spec.ts:14:3 › Safety Filter System › should block drug-related keywords 

    Error: browserType.launch: 
    ╔══════════════════════════════════════════════════════╗
    ║ Host system is missing dependencies to run browsers. ║
    ║ Missing libraries:                                   ║
    ║     libglib-2.0.so.0                                 ║
    ║     libgstreamer-1.0.so.0                            ║
    ║     libgtk-4.so.1                                    ║
    ║     libpangocairo-1.0.so.0                           ║
    ║     libpango-1.0.so.0                                ║
    ║     libharfbuzz.so.0                                 ║
    ║     libgdk_pixbuf-2.0.so.0                           ║
    ║     libcairo-gobject.so.2                            ║
    ║     libcairo.so.2                                    ║
    ║     libvulkan.so.1                                   ║
    ║     libgraphene-1.0.so.0                             ║
    ║     libicudata.so.74                                 ║
    ║     libicui18n.so.74                                 ║
    ║     libatomic.so.1                                   ║
    ║     libicuuc.so.74                                   ║
    ║     libxml2.so.2                                     ║
    ║     libsqlite3.so.0                                  ║
    ║     libxslt.so.1                                     ║
    ║     liblcms2.so.2                                    ║
    ║     libwoff2dec.so.1.0.2                             ║
    ║     libvpx.so.9                                      ║
    ║     libevent-2.1.so.7                                ║
    ║     libopus.so.0                                     ║
    ║     libgstallocators-1.0.so.0                        ║
    ║     libgstapp-1.0.so.0                               ║
    ║     libgstbase-1.0.so.0                              ║
    ║     libgstpbutils-1.0.so.0                           ║
    ║     libgstaudio-1.0.so.0                             ║
    ║     libgsttag-1.0.so.0                               ║
    ║     libgstvideo-1.0.so.0                             ║
    ║     libgstgl-1.0.so.0                                ║
    ║     libgstcodecparsers-1.0.so.0                      ║
    ║     libgstfft-1.0.so.0                               ║
    ║     libflite.so.1                                    ║
    ║     libflite_usenglish.so.1                          ║
    ║     libflite_cmu_grapheme_lang.so.1                  ║
    ║     libflite_cmu_grapheme_lex.so.1                   ║
    ║     libflite_cmu_indic_lang.so.1                     ║
    ║     libflite_cmu_indic_lex.so.1                      ║
    ║     libflite_cmulex.so.1                             ║
    ║     libflite_cmu_time_awb.so.1                       ║
    ║     libflite_cmu_us_awb.so.1                         ║
    ║     libflite_cmu_us_kal16.so.1                       ║
    ║     libflite_cmu_us_kal.so.1                         ║
    ║     libflite_cmu_us_rms.so.1                         ║
    ║     libflite_cmu_us_slt.so.1                         ║
    ║     libwebpdemux.so.2                                ║
    ║     libavif.so.16                                    ║
    ║     libharfbuzz-icu.so.0                             ║
    ║     libepoxy.so.0                                    ║
    ║     libjpeg.so.8                                     ║
    ║     libwebpmux.so.3                                  ║
    ║     libwebp.so.7                                     ║
    ║     libenchant-2.so.2                                ║
    ║     libgio-2.0.so.0                                  ║
    ║     libgmodule-2.0.so.0                              ║
    ║     libgobject-2.0.so.0                              ║
    ║     libsecret-1.so.0                                 ║
    ║     libhyphen.so.0                                   ║
    ║     libX11.so.6                                      ║
    ║     libwayland-server.so.0                           ║
    ║     libwayland-egl.so.1                              ║
    ║     libwayland-client.so.0                           ║
    ║     libmanette-0.2.so.0                              ║
    ║     libgbm.so.1                                      ║
    ║     libdrm.so.2                                      ║
    ║     libatk-1.0.so.0                                  ║
    ║     libxkbcommon.so.0                                ║
    ║     libatk-bridge-2.0.so.0                           ║
    ║     libGLESv2.so.2                                   ║
    ║     libx264.so                                       ║
    ╚══════════════════════════════════════════════════════╝
]]>
</failure>
</testcase>
<testcase name="Safety Filter System › should filter violence-related content" classname="safety-filters.spec.ts" time="0.007">
<failure message="safety-filters.spec.ts:37:3 should filter violence-related content" type="FAILURE">
<![CDATA[  [webkit] › safety-filters.spec.ts:37:3 › Safety Filter System › should filter violence-related content 

    Error: browserType.launch: 
    ╔══════════════════════════════════════════════════════╗
    ║ Host system is missing dependencies to run browsers. ║
    ║ Missing libraries:                                   ║
    ║     libglib-2.0.so.0                                 ║
    ║     libgstreamer-1.0.so.0                            ║
    ║     libgtk-4.so.1                                    ║
    ║     libpangocairo-1.0.so.0                           ║
    ║     libpango-1.0.so.0                                ║
    ║     libharfbuzz.so.0                                 ║
    ║     libgdk_pixbuf-2.0.so.0                           ║
    ║     libcairo-gobject.so.2                            ║
    ║     libcairo.so.2                                    ║
    ║     libvulkan.so.1                                   ║
    ║     libgraphene-1.0.so.0                             ║
    ║     libicudata.so.74                                 ║
    ║     libicui18n.so.74                                 ║
    ║     libatomic.so.1                                   ║
    ║     libicuuc.so.74                                   ║
    ║     libxml2.so.2                                     ║
    ║     libsqlite3.so.0                                  ║
    ║     libxslt.so.1                                     ║
    ║     liblcms2.so.2                                    ║
    ║     libwoff2dec.so.1.0.2                             ║
    ║     libvpx.so.9                                      ║
    ║     libevent-2.1.so.7                                ║
    ║     libopus.so.0                                     ║
    ║     libgstallocators-1.0.so.0                        ║
    ║     libgstapp-1.0.so.0                               ║
    ║     libgstbase-1.0.so.0                              ║
    ║     libgstpbutils-1.0.so.0                           ║
    ║     libgstaudio-1.0.so.0                             ║
    ║     libgsttag-1.0.so.0                               ║
    ║     libgstvideo-1.0.so.0                             ║
    ║     libgstgl-1.0.so.0                                ║
    ║     libgstcodecparsers-1.0.so.0                      ║
    ║     libgstfft-1.0.so.0                               ║
    ║     libflite.so.1                                    ║
    ║     libflite_usenglish.so.1                          ║
    ║     libflite_cmu_grapheme_lang.so.1                  ║
    ║     libflite_cmu_grapheme_lex.so.1                   ║
    ║     libflite_cmu_indic_lang.so.1                     ║
    ║     libflite_cmu_indic_lex.so.1                      ║
    ║     libflite_cmulex.so.1                             ║
    ║     libflite_cmu_time_awb.so.1                       ║
    ║     libflite_cmu_us_awb.so.1                         ║
    ║     libflite_cmu_us_kal16.so.1                       ║
    ║     libflite_cmu_us_kal.so.1                         ║
    ║     libflite_cmu_us_rms.so.1                         ║
    ║     libflite_cmu_us_slt.so.1                         ║
    ║     libwebpdemux.so.2                                ║
    ║     libavif.so.16                                    ║
    ║     libharfbuzz-icu.so.0                             ║
    ║     libepoxy.so.0                                    ║
    ║     libjpeg.so.8                                     ║
    ║     libwebpmux.so.3                                  ║
    ║     libwebp.so.7                                     ║
    ║     libenchant-2.so.2                                ║
    ║     libgio-2.0.so.0                                  ║
    ║     libgmodule-2.0.so.0                              ║
    ║     libgobject-2.0.so.0                              ║
    ║     libsecret-1.so.0                                 ║
    ║     libhyphen.so.0                                   ║
    ║     libX11.so.6                                      ║
    ║     libwayland-server.so.0                           ║
    ║     libwayland-egl.so.1                              ║
    ║     libwayland-client.so.0                           ║
    ║     libmanette-0.2.so.0                              ║
    ║     libgbm.so.1                                      ║
    ║     libdrm.so.2                                      ║
    ║     libatk-1.0.so.0                                  ║
    ║     libxkbcommon.so.0                                ║
    ║     libatk-bridge-2.0.so.0                           ║
    ║     libGLESv2.so.2                                   ║
    ║     libx264.so                                       ║
    ╚══════════════════════════════════════════════════════╝
]]>
</failure>
</testcase>
<testcase name="Safety Filter System › should handle Catholic doctrine guidance appropriately" classname="safety-filters.spec.ts" time="0.007">
<failure message="safety-filters.spec.ts:55:3 should handle Catholic doctrine guidance appropriately" type="FAILURE">
<![CDATA[  [webkit] › safety-filters.spec.ts:55:3 › Safety Filter System › should handle Catholic doctrine guidance appropriately 

    Error: browserType.launch: 
    ╔══════════════════════════════════════════════════════╗
    ║ Host system is missing dependencies to run browsers. ║
    ║ Missing libraries:                                   ║
    ║     libglib-2.0.so.0                                 ║
    ║     libgstreamer-1.0.so.0                            ║
    ║     libgtk-4.so.1                                    ║
    ║     libpangocairo-1.0.so.0                           ║
    ║     libpango-1.0.so.0                                ║
    ║     libharfbuzz.so.0                                 ║
    ║     libgdk_pixbuf-2.0.so.0                           ║
    ║     libcairo-gobject.so.2                            ║
    ║     libcairo.so.2                                    ║
    ║     libvulkan.so.1                                   ║
    ║     libgraphene-1.0.so.0                             ║
    ║     libicudata.so.74                                 ║
    ║     libicui18n.so.74                                 ║
    ║     libatomic.so.1                                   ║
    ║     libicuuc.so.74                                   ║
    ║     libxml2.so.2                                     ║
    ║     libsqlite3.so.0                                  ║
    ║     libxslt.so.1                                     ║
    ║     liblcms2.so.2                                    ║
    ║     libwoff2dec.so.1.0.2                             ║
    ║     libvpx.so.9                                      ║
    ║     libevent-2.1.so.7                                ║
    ║     libopus.so.0                                     ║
    ║     libgstallocators-1.0.so.0                        ║
    ║     libgstapp-1.0.so.0                               ║
    ║     libgstbase-1.0.so.0                              ║
    ║     libgstpbutils-1.0.so.0                           ║
    ║     libgstaudio-1.0.so.0                             ║
    ║     libgsttag-1.0.so.0                               ║
    ║     libgstvideo-1.0.so.0                             ║
    ║     libgstgl-1.0.so.0                                ║
    ║     libgstcodecparsers-1.0.so.0                      ║
    ║     libgstfft-1.0.so.0                               ║
    ║     libflite.so.1                                    ║
    ║     libflite_usenglish.so.1                          ║
    ║     libflite_cmu_grapheme_lang.so.1                  ║
    ║     libflite_cmu_grapheme_lex.so.1                   ║
    ║     libflite_cmu_indic_lang.so.1                     ║
    ║     libflite_cmu_indic_lex.so.1                      ║
    ║     libflite_cmulex.so.1                             ║
    ║     libflite_cmu_time_awb.so.1                       ║
    ║     libflite_cmu_us_awb.so.1                         ║
    ║     libflite_cmu_us_kal16.so.1                       ║
    ║     libflite_cmu_us_kal.so.1                         ║
    ║     libflite_cmu_us_rms.so.1                         ║
    ║     libflite_cmu_us_slt.so.1                         ║
    ║     libwebpdemux.so.2                                ║
    ║     libavif.so.16                                    ║
    ║     libharfbuzz-icu.so.0                             ║
    ║     libepoxy.so.0                                    ║
    ║     libjpeg.so.8                                     ║
    ║     libwebpmux.so.3                                  ║
    ║     libwebp.so.7                                     ║
    ║     libenchant-2.so.2                                ║
    ║     libgio-2.0.so.0                                  ║
    ║     libgmodule-2.0.so.0                              ║
    ║     libgobject-2.0.so.0                              ║
    ║     libsecret-1.so.0                                 ║
    ║     libhyphen.so.0                                   ║
    ║     libX11.so.6                                      ║
    ║     libwayland-server.so.0                           ║
    ║     libwayland-egl.so.1                              ║
    ║     libwayland-client.so.0                           ║
    ║     libmanette-0.2.so.0                              ║
    ║     libgbm.so.1                                      ║
    ║     libdrm.so.2                                      ║
    ║     libatk-1.0.so.0                                  ║
    ║     libxkbcommon.so.0                                ║
    ║     libatk-bridge-2.0.so.0                           ║
    ║     libGLESv2.so.2                                   ║
    ║     libx264.so                                       ║
    ╚══════════════════════════════════════════════════════╝
]]>
</failure>
</testcase>
<testcase name="Safety Filter System › should moderate sensitive historical topics" classname="safety-filters.spec.ts" time="0.006">
<failure message="safety-filters.spec.ts:75:3 should moderate sensitive historical topics" type="FAILURE">
<![CDATA[  [webkit] › safety-filters.spec.ts:75:3 › Safety Filter System › should moderate sensitive historical topics 

    Error: browserType.launch: 
    ╔══════════════════════════════════════════════════════╗
    ║ Host system is missing dependencies to run browsers. ║
    ║ Missing libraries:                                   ║
    ║     libglib-2.0.so.0                                 ║
    ║     libgstreamer-1.0.so.0                            ║
    ║     libgtk-4.so.1                                    ║
    ║     libpangocairo-1.0.so.0                           ║
    ║     libpango-1.0.so.0                                ║
    ║     libharfbuzz.so.0                                 ║
    ║     libgdk_pixbuf-2.0.so.0                           ║
    ║     libcairo-gobject.so.2                            ║
    ║     libcairo.so.2                                    ║
    ║     libvulkan.so.1                                   ║
    ║     libgraphene-1.0.so.0                             ║
    ║     libicudata.so.74                                 ║
    ║     libicui18n.so.74                                 ║
    ║     libatomic.so.1                                   ║
    ║     libicuuc.so.74                                   ║
    ║     libxml2.so.2                                     ║
    ║     libsqlite3.so.0                                  ║
    ║     libxslt.so.1                                     ║
    ║     liblcms2.so.2                                    ║
    ║     libwoff2dec.so.1.0.2                             ║
    ║     libvpx.so.9                                      ║
    ║     libevent-2.1.so.7                                ║
    ║     libopus.so.0                                     ║
    ║     libgstallocators-1.0.so.0                        ║
    ║     libgstapp-1.0.so.0                               ║
    ║     libgstbase-1.0.so.0                              ║
    ║     libgstpbutils-1.0.so.0                           ║
    ║     libgstaudio-1.0.so.0                             ║
    ║     libgsttag-1.0.so.0                               ║
    ║     libgstvideo-1.0.so.0                             ║
    ║     libgstgl-1.0.so.0                                ║
    ║     libgstcodecparsers-1.0.so.0                      ║
    ║     libgstfft-1.0.so.0                               ║
    ║     libflite.so.1                                    ║
    ║     libflite_usenglish.so.1                          ║
    ║     libflite_cmu_grapheme_lang.so.1                  ║
    ║     libflite_cmu_grapheme_lex.so.1                   ║
    ║     libflite_cmu_indic_lang.so.1                     ║
    ║     libflite_cmu_indic_lex.so.1                      ║
    ║     libflite_cmulex.so.1                             ║
    ║     libflite_cmu_time_awb.so.1                       ║
    ║     libflite_cmu_us_awb.so.1                         ║
    ║     libflite_cmu_us_kal16.so.1                       ║
    ║     libflite_cmu_us_kal.so.1                         ║
    ║     libflite_cmu_us_rms.so.1                         ║
    ║     libflite_cmu_us_slt.so.1                         ║
    ║     libwebpdemux.so.2                                ║
    ║     libavif.so.16                                    ║
    ║     libharfbuzz-icu.so.0                             ║
    ║     libepoxy.so.0                                    ║
    ║     libjpeg.so.8                                     ║
    ║     libwebpmux.so.3                                  ║
    ║     libwebp.so.7                                     ║
    ║     libenchant-2.so.2                                ║
    ║     libgio-2.0.so.0                                  ║
    ║     libgmodule-2.0.so.0                              ║
    ║     libgobject-2.0.so.0                              ║
    ║     libsecret-1.so.0                                 ║
    ║     libhyphen.so.0                                   ║
    ║     libX11.so.6                                      ║
    ║     libwayland-server.so.0                           ║
    ║     libwayland-egl.so.1                              ║
    ║     libwayland-client.so.0                           ║
    ║     libmanette-0.2.so.0                              ║
    ║     libgbm.so.1                                      ║
    ║     libdrm.so.2                                      ║
    ║     libatk-1.0.so.0                                  ║
    ║     libxkbcommon.so.0                                ║
    ║     libatk-bridge-2.0.so.0                           ║
    ║     libGLESv2.so.2                                   ║
    ║     libx264.so                                       ║
    ╚══════════════════════════════════════════════════════╝
]]>
</failure>
</testcase>
<testcase name="Visual Regression - Safety UI › safety warning modal displays correctly" classname="safety-filters.spec.ts" time="0.015">
<failure message="safety-filters.spec.ts:96:3 safety warning modal displays correctly" type="FAILURE">
<![CDATA[  [webkit] › safety-filters.spec.ts:96:3 › Visual Regression - Safety UI › safety warning modal displays correctly 

    Error: browserType.launch: 
    ╔══════════════════════════════════════════════════════╗
    ║ Host system is missing dependencies to run browsers. ║
    ║ Missing libraries:                                   ║
    ║     libglib-2.0.so.0                                 ║
    ║     libgstreamer-1.0.so.0                            ║
    ║     libgtk-4.so.1                                    ║
    ║     libpangocairo-1.0.so.0                           ║
    ║     libpango-1.0.so.0                                ║
    ║     libharfbuzz.so.0                                 ║
    ║     libgdk_pixbuf-2.0.so.0                           ║
    ║     libcairo-gobject.so.2                            ║
    ║     libcairo.so.2                                    ║
    ║     libvulkan.so.1                                   ║
    ║     libgraphene-1.0.so.0                             ║
    ║     libicudata.so.74                                 ║
    ║     libicui18n.so.74                                 ║
    ║     libatomic.so.1                                   ║
    ║     libicuuc.so.74                                   ║
    ║     libxml2.so.2                                     ║
    ║     libsqlite3.so.0                                  ║
    ║     libxslt.so.1                                     ║
    ║     liblcms2.so.2                                    ║
    ║     libwoff2dec.so.1.0.2                             ║
    ║     libvpx.so.9                                      ║
    ║     libevent-2.1.so.7                                ║
    ║     libopus.so.0                                     ║
    ║     libgstallocators-1.0.so.0                        ║
    ║     libgstapp-1.0.so.0                               ║
    ║     libgstbase-1.0.so.0                              ║
    ║     libgstpbutils-1.0.so.0                           ║
    ║     libgstaudio-1.0.so.0                             ║
    ║     libgsttag-1.0.so.0                               ║
    ║     libgstvideo-1.0.so.0                             ║
    ║     libgstgl-1.0.so.0                                ║
    ║     libgstcodecparsers-1.0.so.0                      ║
    ║     libgstfft-1.0.so.0                               ║
    ║     libflite.so.1                                    ║
    ║     libflite_usenglish.so.1                          ║
    ║     libflite_cmu_grapheme_lang.so.1                  ║
    ║     libflite_cmu_grapheme_lex.so.1                   ║
    ║     libflite_cmu_indic_lang.so.1                     ║
    ║     libflite_cmu_indic_lex.so.1                      ║
    ║     libflite_cmulex.so.1                             ║
    ║     libflite_cmu_time_awb.so.1                       ║
    ║     libflite_cmu_us_awb.so.1                         ║
    ║     libflite_cmu_us_kal16.so.1                       ║
    ║     libflite_cmu_us_kal.so.1                         ║
    ║     libflite_cmu_us_rms.so.1                         ║
    ║     libflite_cmu_us_slt.so.1                         ║
    ║     libwebpdemux.so.2                                ║
    ║     libavif.so.16                                    ║
    ║     libharfbuzz-icu.so.0                             ║
    ║     libepoxy.so.0                                    ║
    ║     libjpeg.so.8                                     ║
    ║     libwebpmux.so.3                                  ║
    ║     libwebp.so.7                                     ║
    ║     libenchant-2.so.2                                ║
    ║     libgio-2.0.so.0                                  ║
    ║     libgmodule-2.0.so.0                              ║
    ║     libgobject-2.0.so.0                              ║
    ║     libsecret-1.so.0                                 ║
    ║     libhyphen.so.0                                   ║
    ║     libX11.so.6                                      ║
    ║     libwayland-server.so.0                           ║
    ║     libwayland-egl.so.1                              ║
    ║     libwayland-client.so.0                           ║
    ║     libmanette-0.2.so.0                              ║
    ║     libgbm.so.1                                      ║
    ║     libdrm.so.2                                      ║
    ║     libatk-1.0.so.0                                  ║
    ║     libxkbcommon.so.0                                ║
    ║     libatk-bridge-2.0.so.0                           ║
    ║     libGLESv2.so.2                                   ║
    ║     libx264.so                                       ║
    ╚══════════════════════════════════════════════════════╝
]]>
</failure>
</testcase>
</testsuite>
<testsuite name="safety-filters.spec.ts" timestamp="2025-10-02T05:05:44.558Z" hostname="Mobile Safari" tests="5" failures="5" skipped="0" time="0.054" errors="0">
<testcase name="Safety Filter System › should block drug-related keywords" classname="safety-filters.spec.ts" time="0.011">
<failure message="safety-filters.spec.ts:14:3 should block drug-related keywords" type="FAILURE">
<![CDATA[  [Mobile Safari] › safety-filters.spec.ts:14:3 › Safety Filter System › should block drug-related keywords 

    Error: browserType.launch: 
    ╔══════════════════════════════════════════════════════╗
    ║ Host system is missing dependencies to run browsers. ║
    ║ Missing libraries:                                   ║
    ║     libglib-2.0.so.0                                 ║
    ║     libgstreamer-1.0.so.0                            ║
    ║     libgtk-4.so.1                                    ║
    ║     libpangocairo-1.0.so.0                           ║
    ║     libpango-1.0.so.0                                ║
    ║     libharfbuzz.so.0                                 ║
    ║     libgdk_pixbuf-2.0.so.0                           ║
    ║     libcairo-gobject.so.2                            ║
    ║     libcairo.so.2                                    ║
    ║     libvulkan.so.1                                   ║
    ║     libgraphene-1.0.so.0                             ║
    ║     libicudata.so.74                                 ║
    ║     libicui18n.so.74                                 ║
    ║     libatomic.so.1                                   ║
    ║     libicuuc.so.74                                   ║
    ║     libxml2.so.2                                     ║
    ║     libsqlite3.so.0                                  ║
    ║     libxslt.so.1                                     ║
    ║     liblcms2.so.2                                    ║
    ║     libwoff2dec.so.1.0.2                             ║
    ║     libvpx.so.9                                      ║
    ║     libevent-2.1.so.7                                ║
    ║     libopus.so.0                                     ║
    ║     libgstallocators-1.0.so.0                        ║
    ║     libgstapp-1.0.so.0                               ║
    ║     libgstbase-1.0.so.0                              ║
    ║     libgstpbutils-1.0.so.0                           ║
    ║     libgstaudio-1.0.so.0                             ║
    ║     libgsttag-1.0.so.0                               ║
    ║     libgstvideo-1.0.so.0                             ║
    ║     libgstgl-1.0.so.0                                ║
    ║     libgstcodecparsers-1.0.so.0                      ║
    ║     libgstfft-1.0.so.0                               ║
    ║     libflite.so.1                                    ║
    ║     libflite_usenglish.so.1                          ║
    ║     libflite_cmu_grapheme_lang.so.1                  ║
    ║     libflite_cmu_grapheme_lex.so.1                   ║
    ║     libflite_cmu_indic_lang.so.1                     ║
    ║     libflite_cmu_indic_lex.so.1                      ║
    ║     libflite_cmulex.so.1                             ║
    ║     libflite_cmu_time_awb.so.1                       ║
    ║     libflite_cmu_us_awb.so.1                         ║
    ║     libflite_cmu_us_kal16.so.1                       ║
    ║     libflite_cmu_us_kal.so.1                         ║
    ║     libflite_cmu_us_rms.so.1                         ║
    ║     libflite_cmu_us_slt.so.1                         ║
    ║     libwebpdemux.so.2                                ║
    ║     libavif.so.16                                    ║
    ║     libharfbuzz-icu.so.0                             ║
    ║     libepoxy.so.0                                    ║
    ║     libjpeg.so.8                                     ║
    ║     libwebpmux.so.3                                  ║
    ║     libwebp.so.7                                     ║
    ║     libenchant-2.so.2                                ║
    ║     libgio-2.0.so.0                                  ║
    ║     libgmodule-2.0.so.0                              ║
    ║     libgobject-2.0.so.0                              ║
    ║     libsecret-1.so.0                                 ║
    ║     libhyphen.so.0                                   ║
    ║     libX11.so.6                                      ║
    ║     libwayland-server.so.0                           ║
    ║     libwayland-egl.so.1                              ║
    ║     libwayland-client.so.0                           ║
    ║     libmanette-0.2.so.0                              ║
    ║     libgbm.so.1                                      ║
    ║     libdrm.so.2                                      ║
    ║     libatk-1.0.so.0                                  ║
    ║     libxkbcommon.so.0                                ║
    ║     libatk-bridge-2.0.so.0                           ║
    ║     libGLESv2.so.2                                   ║
    ║     libx264.so                                       ║
    ╚══════════════════════════════════════════════════════╝
]]>
</failure>
</testcase>
<testcase name="Safety Filter System › should filter violence-related content" classname="safety-filters.spec.ts" time="0.01">
<failure message="safety-filters.spec.ts:37:3 should filter violence-related content" type="FAILURE">
<![CDATA[  [Mobile Safari] › safety-filters.spec.ts:37:3 › Safety Filter System › should filter violence-related content 

    Error: browserType.launch: 
    ╔══════════════════════════════════════════════════════╗
    ║ Host system is missing dependencies to run browsers. ║
    ║ Missing libraries:                                   ║
    ║     libglib-2.0.so.0                                 ║
    ║     libgstreamer-1.0.so.0                            ║
    ║     libgtk-4.so.1                                    ║
    ║     libpangocairo-1.0.so.0                           ║
    ║     libpango-1.0.so.0                                ║
    ║     libharfbuzz.so.0                                 ║
    ║     libgdk_pixbuf-2.0.so.0                           ║
    ║     libcairo-gobject.so.2                            ║
    ║     libcairo.so.2                                    ║
    ║     libvulkan.so.1                                   ║
    ║     libgraphene-1.0.so.0                             ║
    ║     libicudata.so.74                                 ║
    ║     libicui18n.so.74                                 ║
    ║     libatomic.so.1                                   ║
    ║     libicuuc.so.74                                   ║
    ║     libxml2.so.2                                     ║
    ║     libsqlite3.so.0                                  ║
    ║     libxslt.so.1                                     ║
    ║     liblcms2.so.2                                    ║
    ║     libwoff2dec.so.1.0.2                             ║
    ║     libvpx.so.9                                      ║
    ║     libevent-2.1.so.7                                ║
    ║     libopus.so.0                                     ║
    ║     libgstallocators-1.0.so.0                        ║
    ║     libgstapp-1.0.so.0                               ║
    ║     libgstbase-1.0.so.0                              ║
    ║     libgstpbutils-1.0.so.0                           ║
    ║     libgstaudio-1.0.so.0                             ║
    ║     libgsttag-1.0.so.0                               ║
    ║     libgstvideo-1.0.so.0                             ║
    ║     libgstgl-1.0.so.0                                ║
    ║     libgstcodecparsers-1.0.so.0                      ║
    ║     libgstfft-1.0.so.0                               ║
    ║     libflite.so.1                                    ║
    ║     libflite_usenglish.so.1                          ║
    ║     libflite_cmu_grapheme_lang.so.1                  ║
    ║     libflite_cmu_grapheme_lex.so.1                   ║
    ║     libflite_cmu_indic_lang.so.1                     ║
    ║     libflite_cmu_indic_lex.so.1                      ║
    ║     libflite_cmulex.so.1                             ║
    ║     libflite_cmu_time_awb.so.1                       ║
    ║     libflite_cmu_us_awb.so.1                         ║
    ║     libflite_cmu_us_kal16.so.1                       ║
    ║     libflite_cmu_us_kal.so.1                         ║
    ║     libflite_cmu_us_rms.so.1                         ║
    ║     libflite_cmu_us_slt.so.1                         ║
    ║     libwebpdemux.so.2                                ║
    ║     libavif.so.16                                    ║
    ║     libharfbuzz-icu.so.0                             ║
    ║     libepoxy.so.0                                    ║
    ║     libjpeg.so.8                                     ║
    ║     libwebpmux.so.3                                  ║
    ║     libwebp.so.7                                     ║
    ║     libenchant-2.so.2                                ║
    ║     libgio-2.0.so.0                                  ║
    ║     libgmodule-2.0.so.0                              ║
    ║     libgobject-2.0.so.0                              ║
    ║     libsecret-1.so.0                                 ║
    ║     libhyphen.so.0                                   ║
    ║     libX11.so.6                                      ║
    ║     libwayland-server.so.0                           ║
    ║     libwayland-egl.so.1                              ║
    ║     libwayland-client.so.0                           ║
    ║     libmanette-0.2.so.0                              ║
    ║     libgbm.so.1                                      ║
    ║     libdrm.so.2                                      ║
    ║     libatk-1.0.so.0                                  ║
    ║     libxkbcommon.so.0                                ║
    ║     libatk-bridge-2.0.so.0                           ║
    ║     libGLESv2.so.2                                   ║
    ║     libx264.so                                       ║
    ╚══════════════════════════════════════════════════════╝
]]>
</failure>
</testcase>
<testcase name="Safety Filter System › should handle Catholic doctrine guidance appropriately" classname="safety-filters.spec.ts" time="0.012">
<failure message="safety-filters.spec.ts:55:3 should handle Catholic doctrine guidance appropriately" type="FAILURE">
<![CDATA[  [Mobile Safari] › safety-filters.spec.ts:55:3 › Safety Filter System › should handle Catholic doctrine guidance appropriately 

    Error: browserType.launch: 
    ╔══════════════════════════════════════════════════════╗
    ║ Host system is missing dependencies to run browsers. ║
    ║ Missing libraries:                                   ║
    ║     libglib-2.0.so.0                                 ║
    ║     libgstreamer-1.0.so.0                            ║
    ║     libgtk-4.so.1                                    ║
    ║     libpangocairo-1.0.so.0                           ║
    ║     libpango-1.0.so.0                                ║
    ║     libharfbuzz.so.0                                 ║
    ║     libgdk_pixbuf-2.0.so.0                           ║
    ║     libcairo-gobject.so.2                            ║
    ║     libcairo.so.2                                    ║
    ║     libvulkan.so.1                                   ║
    ║     libgraphene-1.0.so.0                             ║
    ║     libicudata.so.74                                 ║
    ║     libicui18n.so.74                                 ║
    ║     libatomic.so.1                                   ║
    ║     libicuuc.so.74                                   ║
    ║     libxml2.so.2                                     ║
    ║     libsqlite3.so.0                                  ║
    ║     libxslt.so.1                                     ║
    ║     liblcms2.so.2                                    ║
    ║     libwoff2dec.so.1.0.2                             ║
    ║     libvpx.so.9                                      ║
    ║     libevent-2.1.so.7                                ║
    ║     libopus.so.0                                     ║
    ║     libgstallocators-1.0.so.0                        ║
    ║     libgstapp-1.0.so.0                               ║
    ║     libgstbase-1.0.so.0                              ║
    ║     libgstpbutils-1.0.so.0                           ║
    ║     libgstaudio-1.0.so.0                             ║
    ║     libgsttag-1.0.so.0                               ║
    ║     libgstvideo-1.0.so.0                             ║
    ║     libgstgl-1.0.so.0                                ║
    ║     libgstcodecparsers-1.0.so.0                      ║
    ║     libgstfft-1.0.so.0                               ║
    ║     libflite.so.1                                    ║
    ║     libflite_usenglish.so.1                          ║
    ║     libflite_cmu_grapheme_lang.so.1                  ║
    ║     libflite_cmu_grapheme_lex.so.1                   ║
    ║     libflite_cmu_indic_lang.so.1                     ║
    ║     libflite_cmu_indic_lex.so.1                      ║
    ║     libflite_cmulex.so.1                             ║
    ║     libflite_cmu_time_awb.so.1                       ║
    ║     libflite_cmu_us_awb.so.1                         ║
    ║     libflite_cmu_us_kal16.so.1                       ║
    ║     libflite_cmu_us_kal.so.1                         ║
    ║     libflite_cmu_us_rms.so.1                         ║
    ║     libflite_cmu_us_slt.so.1                         ║
    ║     libwebpdemux.so.2                                ║
    ║     libavif.so.16                                    ║
    ║     libharfbuzz-icu.so.0                             ║
    ║     libepoxy.so.0                                    ║
    ║     libjpeg.so.8                                     ║
    ║     libwebpmux.so.3                                  ║
    ║     libwebp.so.7                                     ║
    ║     libenchant-2.so.2                                ║
    ║     libgio-2.0.so.0                                  ║
    ║     libgmodule-2.0.so.0                              ║
    ║     libgobject-2.0.so.0                              ║
    ║     libsecret-1.so.0                                 ║
    ║     libhyphen.so.0                                   ║
    ║     libX11.so.6                                      ║
    ║     libwayland-server.so.0                           ║
    ║     libwayland-egl.so.1                              ║
    ║     libwayland-client.so.0                           ║
    ║     libmanette-0.2.so.0                              ║
    ║     libgbm.so.1                                      ║
    ║     libdrm.so.2                                      ║
    ║     libatk-1.0.so.0                                  ║
    ║     libxkbcommon.so.0                                ║
    ║     libatk-bridge-2.0.so.0                           ║
    ║     libGLESv2.so.2                                   ║
    ║     libx264.so                                       ║
    ╚══════════════════════════════════════════════════════╝
]]>
</failure>
</testcase>
<testcase name="Safety Filter System › should moderate sensitive historical topics" classname="safety-filters.spec.ts" time="0.005">
<failure message="safety-filters.spec.ts:75:3 should moderate sensitive historical topics" type="FAILURE">
<![CDATA[  [Mobile Safari] › safety-filters.spec.ts:75:3 › Safety Filter System › should moderate sensitive historical topics 

    Error: browserType.launch: 
    ╔══════════════════════════════════════════════════════╗
    ║ Host system is missing dependencies to run browsers. ║
    ║ Missing libraries:                                   ║
    ║     libglib-2.0.so.0                                 ║
    ║     libgstreamer-1.0.so.0                            ║
    ║     libgtk-4.so.1                                    ║
    ║     libpangocairo-1.0.so.0                           ║
    ║     libpango-1.0.so.0                                ║
    ║     libharfbuzz.so.0                                 ║
    ║     libgdk_pixbuf-2.0.so.0                           ║
    ║     libcairo-gobject.so.2                            ║
    ║     libcairo.so.2                                    ║
    ║     libvulkan.so.1                                   ║
    ║     libgraphene-1.0.so.0                             ║
    ║     libicudata.so.74                                 ║
    ║     libicui18n.so.74                                 ║
    ║     libatomic.so.1                                   ║
    ║     libicuuc.so.74                                   ║
    ║     libxml2.so.2                                     ║
    ║     libsqlite3.so.0                                  ║
    ║     libxslt.so.1                                     ║
    ║     liblcms2.so.2                                    ║
    ║     libwoff2dec.so.1.0.2                             ║
    ║     libvpx.so.9                                      ║
    ║     libevent-2.1.so.7                                ║
    ║     libopus.so.0                                     ║
    ║     libgstallocators-1.0.so.0                        ║
    ║     libgstapp-1.0.so.0                               ║
    ║     libgstbase-1.0.so.0                              ║
    ║     libgstpbutils-1.0.so.0                           ║
    ║     libgstaudio-1.0.so.0                             ║
    ║     libgsttag-1.0.so.0                               ║
    ║     libgstvideo-1.0.so.0                             ║
    ║     libgstgl-1.0.so.0                                ║
    ║     libgstcodecparsers-1.0.so.0                      ║
    ║     libgstfft-1.0.so.0                               ║
    ║     libflite.so.1                                    ║
    ║     libflite_usenglish.so.1                          ║
    ║     libflite_cmu_grapheme_lang.so.1                  ║
    ║     libflite_cmu_grapheme_lex.so.1                   ║
    ║     libflite_cmu_indic_lang.so.1                     ║
    ║     libflite_cmu_indic_lex.so.1                      ║
    ║     libflite_cmulex.so.1                             ║
    ║     libflite_cmu_time_awb.so.1                       ║
    ║     libflite_cmu_us_awb.so.1                         ║
    ║     libflite_cmu_us_kal16.so.1                       ║
    ║     libflite_cmu_us_kal.so.1                         ║
    ║     libflite_cmu_us_rms.so.1                         ║
    ║     libflite_cmu_us_slt.so.1                         ║
    ║     libwebpdemux.so.2                                ║
    ║     libavif.so.16                                    ║
    ║     libharfbuzz-icu.so.0                             ║
    ║     libepoxy.so.0                                    ║
    ║     libjpeg.so.8                                     ║
    ║     libwebpmux.so.3                                  ║
    ║     libwebp.so.7                                     ║
    ║     libenchant-2.so.2                                ║
    ║     libgio-2.0.so.0                                  ║
    ║     libgmodule-2.0.so.0                              ║
    ║     libgobject-2.0.so.0                              ║
    ║     libsecret-1.so.0                                 ║
    ║     libhyphen.so.0                                   ║
    ║     libX11.so.6                                      ║
    ║     libwayland-server.so.0                           ║
    ║     libwayland-egl.so.1                              ║
    ║     libwayland-client.so.0                           ║
    ║     libmanette-0.2.so.0                              ║
    ║     libgbm.so.1                                      ║
    ║     libdrm.so.2                                      ║
    ║     libatk-1.0.so.0                                  ║
    ║     libxkbcommon.so.0                                ║
    ║     libatk-bridge-2.0.so.0                           ║
    ║     libGLESv2.so.2                                   ║
    ║     libx264.so                                       ║
    ╚══════════════════════════════════════════════════════╝
]]>
</failure>
</testcase>
<testcase name="Visual Regression - Safety UI › safety warning modal displays correctly" classname="safety-filters.spec.ts" time="0.016">
<failure message="safety-filters.spec.ts:96:3 safety warning modal displays correctly" type="FAILURE">
<![CDATA[  [Mobile Safari] › safety-filters.spec.ts:96:3 › Visual Regression - Safety UI › safety warning modal displays correctly 

    Error: browserType.launch: 
    ╔══════════════════════════════════════════════════════╗
    ║ Host system is missing dependencies to run browsers. ║
    ║ Missing libraries:                                   ║
    ║     libglib-2.0.so.0                                 ║
    ║     libgstreamer-1.0.so.0                            ║
    ║     libgtk-4.so.1                                    ║
    ║     libpangocairo-1.0.so.0                           ║
    ║     libpango-1.0.so.0                                ║
    ║     libharfbuzz.so.0                                 ║
    ║     libgdk_pixbuf-2.0.so.0                           ║
    ║     libcairo-gobject.so.2                            ║
    ║     libcairo.so.2                                    ║
    ║     libvulkan.so.1                                   ║
    ║     libgraphene-1.0.so.0                             ║
    ║     libicudata.so.74                                 ║
    ║     libicui18n.so.74                                 ║
    ║     libatomic.so.1                                   ║
    ║     libicuuc.so.74                                   ║
    ║     libxml2.so.2                                     ║
    ║     libsqlite3.so.0                                  ║
    ║     libxslt.so.1                                     ║
    ║     liblcms2.so.2                                    ║
    ║     libwoff2dec.so.1.0.2                             ║
    ║     libvpx.so.9                                      ║
    ║     libevent-2.1.so.7                                ║
    ║     libopus.so.0                                     ║
    ║     libgstallocators-1.0.so.0                        ║
    ║     libgstapp-1.0.so.0                               ║
    ║     libgstbase-1.0.so.0                              ║
    ║     libgstpbutils-1.0.so.0                           ║
    ║     libgstaudio-1.0.so.0                             ║
    ║     libgsttag-1.0.so.0                               ║
    ║     libgstvideo-1.0.so.0                             ║
    ║     libgstgl-1.0.so.0                                ║
    ║     libgstcodecparsers-1.0.so.0                      ║
    ║     libgstfft-1.0.so.0                               ║
    ║     libflite.so.1                                    ║
    ║     libflite_usenglish.so.1                          ║
    ║     libflite_cmu_grapheme_lang.so.1                  ║
    ║     libflite_cmu_grapheme_lex.so.1                   ║
    ║     libflite_cmu_indic_lang.so.1                     ║
    ║     libflite_cmu_indic_lex.so.1                      ║
    ║     libflite_cmulex.so.1                             ║
    ║     libflite_cmu_time_awb.so.1                       ║
    ║     libflite_cmu_us_awb.so.1                         ║
    ║     libflite_cmu_us_kal16.so.1                       ║
    ║     libflite_cmu_us_kal.so.1                         ║
    ║     libflite_cmu_us_rms.so.1                         ║
    ║     libflite_cmu_us_slt.so.1                         ║
    ║     libwebpdemux.so.2                                ║
    ║     libavif.so.16                                    ║
    ║     libharfbuzz-icu.so.0                             ║
    ║     libepoxy.so.0                                    ║
    ║     libjpeg.so.8                                     ║
    ║     libwebpmux.so.3                                  ║
    ║     libwebp.so.7                                     ║
    ║     libenchant-2.so.2                                ║
    ║     libgio-2.0.so.0                                  ║
    ║     libgmodule-2.0.so.0                              ║
    ║     libgobject-2.0.so.0                              ║
    ║     libsecret-1.so.0                                 ║
    ║     libhyphen.so.0                                   ║
    ║     libX11.so.6                                      ║
    ║     libwayland-server.so.0                           ║
    ║     libwayland-egl.so.1                              ║
    ║     libwayland-client.so.0                           ║
    ║     libmanette-0.2.so.0                              ║
    ║     libgbm.so.1                                      ║
    ║     libdrm.so.2                                      ║
    ║     libatk-1.0.so.0                                  ║
    ║     libxkbcommon.so.0                                ║
    ║     libatk-bridge-2.0.so.0                           ║
    ║     libGLESv2.so.2                                   ║
    ║     libx264.so                                       ║
    ╚══════════════════════════════════════════════════════╝
]]>
</failure>
</testcase>
</testsuite>
<testsuite name="safety-filters.spec.ts" timestamp="2025-10-02T05:05:44.558Z" hostname="iPad" tests="5" failures="5" skipped="0" time="0.048" errors="0">
<testcase name="Safety Filter System › should block drug-related keywords" classname="safety-filters.spec.ts" time="0.01">
<failure message="safety-filters.spec.ts:14:3 should block drug-related keywords" type="FAILURE">
<![CDATA[  [iPad] › safety-filters.spec.ts:14:3 › Safety Filter System › should block drug-related keywords ─

    Error: browserType.launch: 
    ╔══════════════════════════════════════════════════════╗
    ║ Host system is missing dependencies to run browsers. ║
    ║ Please install them with the following command:      ║
    ║                                                      ║
    ║     sudo npx playwright install-deps                 ║
    ║                                                      ║
    ║ Alternatively, use apt:                              ║
    ║     sudo apt-get install libglib2.0-0t64\            ║
    ║         libnspr4\                                    ║
    ║         libnss3\                                     ║
    ║         libdbus-1-3\                                 ║
    ║         libatk1.0-0t64\                              ║
    ║         libatk-bridge2.0-0t64\                       ║
    ║         libatspi2.0-0t64\                            ║
    ║         libx11-6\                                    ║
    ║         libxcomposite1\                              ║
    ║         libxdamage1\                                 ║
    ║         libxext6\                                    ║
    ║         libxfixes3\                                  ║
    ║         libxrandr2\                                  ║
    ║         libgbm1\                                     ║
    ║         libxcb1\                                     ║
    ║         libxkbcommon0\                               ║
    ║         libasound2t64                                ║
    ║                                                      ║
    ║ <3 Playwright Team                                   ║
    ╚══════════════════════════════════════════════════════╝
]]>
</failure>
</testcase>
<testcase name="Safety Filter System › should filter violence-related content" classname="safety-filters.spec.ts" time="0.019">
<failure message="safety-filters.spec.ts:37:3 should filter violence-related content" type="FAILURE">
<![CDATA[  [iPad] › safety-filters.spec.ts:37:3 › Safety Filter System › should filter violence-related content 

    Error: browserType.launch: 
    ╔══════════════════════════════════════════════════════╗
    ║ Host system is missing dependencies to run browsers. ║
    ║ Please install them with the following command:      ║
    ║                                                      ║
    ║     sudo npx playwright install-deps                 ║
    ║                                                      ║
    ║ Alternatively, use apt:                              ║
    ║     sudo apt-get install libglib2.0-0t64\            ║
    ║         libnspr4\                                    ║
    ║         libnss3\                                     ║
    ║         libdbus-1-3\                                 ║
    ║         libatk1.0-0t64\                              ║
    ║         libatk-bridge2.0-0t64\                       ║
    ║         libatspi2.0-0t64\                            ║
    ║         libx11-6\                                    ║
    ║         libxcomposite1\                              ║
    ║         libxdamage1\                                 ║
    ║         libxext6\                                    ║
    ║         libxfixes3\                                  ║
    ║         libxrandr2\                                  ║
    ║         libgbm1\                                     ║
    ║         libxcb1\                                     ║
    ║         libxkbcommon0\                               ║
    ║         libasound2t64                                ║
    ║                                                      ║
    ║ <3 Playwright Team                                   ║
    ╚══════════════════════════════════════════════════════╝
]]>
</failure>
</testcase>
<testcase name="Safety Filter System › should handle Catholic doctrine guidance appropriately" classname="safety-filters.spec.ts" time="0.007">
<failure message="safety-filters.spec.ts:55:3 should handle Catholic doctrine guidance appropriately" type="FAILURE">
<![CDATA[  [iPad] › safety-filters.spec.ts:55:3 › Safety Filter System › should handle Catholic doctrine guidance appropriately 

    Error: browserType.launch: 
    ╔══════════════════════════════════════════════════════╗
    ║ Host system is missing dependencies to run browsers. ║
    ║ Please install them with the following command:      ║
    ║                                                      ║
    ║     sudo npx playwright install-deps                 ║
    ║                                                      ║
    ║ Alternatively, use apt:                              ║
    ║     sudo apt-get install libglib2.0-0t64\            ║
    ║         libnspr4\                                    ║
    ║         libnss3\                                     ║
    ║         libdbus-1-3\                                 ║
    ║         libatk1.0-0t64\                              ║
    ║         libatk-bridge2.0-0t64\                       ║
    ║         libatspi2.0-0t64\                            ║
    ║         libx11-6\                                    ║
    ║         libxcomposite1\                              ║
    ║         libxdamage1\                                 ║
    ║         libxext6\                                    ║
    ║         libxfixes3\                                  ║
    ║         libxrandr2\                                  ║
    ║         libgbm1\                                     ║
    ║         libxcb1\                                     ║
    ║         libxkbcommon0\                               ║
    ║         libasound2t64                                ║
    ║                                                      ║
    ║ <3 Playwright Team                                   ║
    ╚══════════════════════════════════════════════════════╝
]]>
</failure>
</testcase>
<testcase name="Safety Filter System › should moderate sensitive historical topics" classname="safety-filters.spec.ts" time="0.006">
<failure message="safety-filters.spec.ts:75:3 should moderate sensitive historical topics" type="FAILURE">
<![CDATA[  [iPad] › safety-filters.spec.ts:75:3 › Safety Filter System › should moderate sensitive historical topics 

    Error: browserType.launch: 
    ╔══════════════════════════════════════════════════════╗
    ║ Host system is missing dependencies to run browsers. ║
    ║ Please install them with the following command:      ║
    ║                                                      ║
    ║     sudo npx playwright install-deps                 ║
    ║                                                      ║
    ║ Alternatively, use apt:                              ║
    ║     sudo apt-get install libglib2.0-0t64\            ║
    ║         libnspr4\                                    ║
    ║         libnss3\                                     ║
    ║         libdbus-1-3\                                 ║
    ║         libatk1.0-0t64\                              ║
    ║         libatk-bridge2.0-0t64\                       ║
    ║         libatspi2.0-0t64\                            ║
    ║         libx11-6\                                    ║
    ║         libxcomposite1\                              ║
    ║         libxdamage1\                                 ║
    ║         libxext6\                                    ║
    ║         libxfixes3\                                  ║
    ║         libxrandr2\                                  ║
    ║         libgbm1\                                     ║
    ║         libxcb1\                                     ║
    ║         libxkbcommon0\                               ║
    ║         libasound2t64                                ║
    ║                                                      ║
    ║ <3 Playwright Team                                   ║
    ╚══════════════════════════════════════════════════════╝
]]>
</failure>
</testcase>
<testcase name="Visual Regression - Safety UI › safety warning modal displays correctly" classname="safety-filters.spec.ts" time="0.006">
<failure message="safety-filters.spec.ts:96:3 safety warning modal displays correctly" type="FAILURE">
<![CDATA[  [iPad] › safety-filters.spec.ts:96:3 › Visual Regression - Safety UI › safety warning modal displays correctly 

    Error: browserType.launch: 
    ╔══════════════════════════════════════════════════════╗
    ║ Host system is missing dependencies to run browsers. ║
    ║ Please install them with the following command:      ║
    ║                                                      ║
    ║     sudo npx playwright install-deps                 ║
    ║                                                      ║
    ║ Alternatively, use apt:                              ║
    ║     sudo apt-get install libglib2.0-0t64\            ║
    ║         libnspr4\                                    ║
    ║         libnss3\                                     ║
    ║         libdbus-1-3\                                 ║
    ║         libatk1.0-0t64\                              ║
    ║         libatk-bridge2.0-0t64\                       ║
    ║         libatspi2.0-0t64\                            ║
    ║         libx11-6\                                    ║
    ║         libxcomposite1\                              ║
    ║         libxdamage1\                                 ║
    ║         libxext6\                                    ║
    ║         libxfixes3\                                  ║
    ║         libxrandr2\                                  ║
    ║         libgbm1\                                     ║
    ║         libxcb1\                                     ║
    ║         libxkbcommon0\                               ║
    ║         libasound2t64                                ║
    ║                                                      ║
    ║ <3 Playwright Team                                   ║
    ╚══════════════════════════════════════════════════════╝
]]>
</failure>
</testcase>
</testsuite>
<testsuite name="safety-filters.spec.ts" timestamp="2025-10-02T05:05:44.558Z" hostname="Pixel 5" tests="5" failures="5" skipped="0" time="0.042" errors="0">
<testcase name="Safety Filter System › should block drug-related keywords" classname="safety-filters.spec.ts" time="0.009">
<failure message="safety-filters.spec.ts:14:3 should block drug-related keywords" type="FAILURE">
<![CDATA[  [Pixel 5] › safety-filters.spec.ts:14:3 › Safety Filter System › should block drug-related keywords 

    Error: browserType.launch: 
    ╔══════════════════════════════════════════════════════╗
    ║ Host system is missing dependencies to run browsers. ║
    ║ Please install them with the following command:      ║
    ║                                                      ║
    ║     sudo npx playwright install-deps                 ║
    ║                                                      ║
    ║ Alternatively, use apt:                              ║
    ║     sudo apt-get install libglib2.0-0t64\            ║
    ║         libnspr4\                                    ║
    ║         libnss3\                                     ║
    ║         libdbus-1-3\                                 ║
    ║         libatk1.0-0t64\                              ║
    ║         libatk-bridge2.0-0t64\                       ║
    ║         libatspi2.0-0t64\                            ║
    ║         libx11-6\                                    ║
    ║         libxcomposite1\                              ║
    ║         libxdamage1\                                 ║
    ║         libxext6\                                    ║
    ║         libxfixes3\                                  ║
    ║         libxrandr2\                                  ║
    ║         libgbm1\                                     ║
    ║         libxcb1\                                     ║
    ║         libxkbcommon0\                               ║
    ║         libasound2t64                                ║
    ║                                                      ║
    ║ <3 Playwright Team                                   ║
    ╚══════════════════════════════════════════════════════╝
]]>
</failure>
</testcase>
<testcase name="Safety Filter System › should filter violence-related content" classname="safety-filters.spec.ts" time="0.01">
<failure message="safety-filters.spec.ts:37:3 should filter violence-related content" type="FAILURE">
<![CDATA[  [Pixel 5] › safety-filters.spec.ts:37:3 › Safety Filter System › should filter violence-related content 

    Error: browserType.launch: 
[...]
    ║         libdbus-1-3\                                 ║
    ║         libatk1.0-0t64\                              ║
    ║         libatk-bridge2.0-0t64\                       ║
    ║         libatspi2.0-0t64\                            ║
    ║         libx11-6\                                    ║
    ║         libxcomposite1\                              ║
    ║         libxdamage1\                                 ║
    ║         libxext6\                                    ║
    ║         libxfixes3\                                  ║
    ║         libxrandr2\                                  ║
    ║         libgbm1\                                     ║
    ║         libxcb1\                                     ║
    ║         libxkbcommon0\                               ║
    ║         libasound2t64                                ║
    ║                                                      ║
    ║ <3 Playwright Team                                   ║
    ╚══════════════════════════════════════════════════════╝
]]>
</failure>
</testcase>
<testcase name="Safety Filter System › should filter violence-related content" classname="safety-filters.spec.ts" time="0.007">
<failure message="safety-filters.spec.ts:37:3 should filter violence-related content" type="FAILURE">
<![CDATA[  [desktop-1080p] › safety-filters.spec.ts:37:3 › Safety Filter System › should filter violence-related content 

    Error: browserType.launch: 
    ╔══════════════════════════════════════════════════════╗
    ║ Host system is missing dependencies to run browsers. ║
    ║ Please install them with the following command:      ║
    ║                                                      ║
    ║     sudo npx playwright install-deps                 ║
    ║                                                      ║
    ║ Alternatively, use apt:                              ║
    ║     sudo apt-get install libglib2.0-0t64\            ║
    ║         libnspr4\                                    ║
    ║         libnss3\                                     ║
    ║         libdbus-1-3\                                 ║
    ║         libatk1.0-0t64\                              ║
    ║         libatk-bridge2.0-0t64\                       ║
    ║         libatspi2.0-0t64\                            ║
    ║         libx11-6\                                    ║
    ║         libxcomposite1\                              ║
    ║         libxdamage1\                                 ║
    ║         libxext6\                                    ║
    ║         libxfixes3\                                  ║
    ║         libxrandr2\                                  ║
    ║         libgbm1\                                     ║
    ║         libxcb1\                                     ║
    ║         libxkbcommon0\                               ║
    ║         libasound2t64                                ║
    ║                                                      ║
    ║ <3 Playwright Team                                   ║
    ╚══════════════════════════════════════════════════════╝
]]>
</failure>
</testcase>
<testcase name="Safety Filter System › should handle Catholic doctrine guidance appropriately" classname="safety-filters.spec.ts" time="0.011">
<failure message="safety-filters.spec.ts:55:3 should handle Catholic doctrine guidance appropriately" type="FAILURE">
<![CDATA[  [desktop-1080p] › safety-filters.spec.ts:55:3 › Safety Filter System › should handle Catholic doctrine guidance appropriately 

    Error: browserType.launch: 
    ╔══════════════════════════════════════════════════════╗
    ║ Host system is missing dependencies to run browsers. ║
    ║ Please install them with the following command:      ║
    ║                                                      ║
    ║     sudo npx playwright install-deps                 ║
    ║                                                      ║
    ║ Alternatively, use apt:                              ║
    ║     sudo apt-get install libglib2.0-0t64\            ║
    ║         libnspr4\                                    ║
    ║         libnss3\                                     ║
    ║         libdbus-1-3\                                 ║
    ║         libatk1.0-0t64\                              ║
    ║         libatk-bridge2.0-0t64\                       ║
    ║         libatspi2.0-0t64\                            ║
    ║         libx11-6\                                    ║
    ║         libxcomposite1\                              ║
    ║         libxdamage1\                                 ║
    ║         libxext6\                                    ║
    ║         libxfixes3\                                  ║
    ║         libxrandr2\                                  ║
    ║         libgbm1\                                     ║
    ║         libxcb1\                                     ║
    ║         libxkbcommon0\                               ║
    ║         libasound2t64                                ║
    ║                                                      ║
    ║ <3 Playwright Team                                   ║
    ╚══════════════════════════════════════════════════════╝
]]>
</failure>
</testcase>
<testcase name="Safety Filter System › should moderate sensitive historical topics" classname="safety-filters.spec.ts" time="0.008">
<failure message="safety-filters.spec.ts:75:3 should moderate sensitive historical topics" type="FAILURE">
<![CDATA[  [desktop-1080p] › safety-filters.spec.ts:75:3 › Safety Filter System › should moderate sensitive historical topics 

    Error: browserType.launch: 
    ╔══════════════════════════════════════════════════════╗
    ║ Host system is missing dependencies to run browsers. ║
    ║ Please install them with the following command:      ║
    ║                                                      ║
    ║     sudo npx playwright install-deps                 ║
    ║                                                      ║
    ║ Alternatively, use apt:                              ║
    ║     sudo apt-get install libglib2.0-0t64\            ║
    ║         libnspr4\                                    ║
    ║         libnss3\                                     ║
    ║         libdbus-1-3\                                 ║
    ║         libatk1.0-0t64\                              ║
    ║         libatk-bridge2.0-0t64\                       ║
    ║         libatspi2.0-0t64\                            ║
    ║         libx11-6\                                    ║
    ║         libxcomposite1\                              ║
    ║         libxdamage1\                                 ║
    ║         libxext6\                                    ║
    ║         libxfixes3\                                  ║
    ║         libxrandr2\                                  ║
    ║         libgbm1\                                     ║
    ║         libxcb1\                                     ║
    ║         libxkbcommon0\                               ║
    ║         libasound2t64                                ║
    ║                                                      ║
    ║ <3 Playwright Team                                   ║
    ╚══════════════════════════════════════════════════════╝
]]>
</failure>
</testcase>
<testcase name="Visual Regression - Safety UI › safety warning modal displays correctly" classname="safety-filters.spec.ts" time="0.007">
<failure message="safety-filters.spec.ts:96:3 safety warning modal displays correctly" type="FAILURE">
<![CDATA[  [desktop-1080p] › safety-filters.spec.ts:96:3 › Visual Regression - Safety UI › safety warning modal displays correctly 

    Error: browserType.launch: 
    ╔══════════════════════════════════════════════════════╗
    ║ Host system is missing dependencies to run browsers. ║
    ║ Please install them with the following command:      ║
    ║                                                      ║
    ║     sudo npx playwright install-deps                 ║
    ║                                                      ║
    ║ Alternatively, use apt:                              ║
    ║     sudo apt-get install libglib2.0-0t64\            ║
    ║         libnspr4\                                    ║
    ║         libnss3\                                     ║
    ║         libdbus-1-3\                                 ║
    ║         libatk1.0-0t64\                              ║
    ║         libatk-bridge2.0-0t64\                       ║
    ║         libatspi2.0-0t64\                            ║
    ║         libx11-6\                                    ║
    ║         libxcomposite1\                              ║
    ║         libxdamage1\                                 ║
    ║         libxext6\                                    ║
    ║         libxfixes3\                                  ║
    ║         libxrandr2\                                  ║
    ║         libgbm1\                                     ║
    ║         libxcb1\                                     ║
    ║         libxkbcommon0\                               ║
    ║         libasound2t64                                ║
    ║                                                      ║
    ║ <3 Playwright Team                                   ║
    ╚══════════════════════════════════════════════════════╝
]]>
</failure>
</testcase>
</testsuite>
<testsuite name="safety-filters.spec.ts" timestamp="2025-10-02T05:05:44.558Z" hostname="desktop-1440p" tests="5" failures="5" skipped="0" time="0.036" errors="0">
<testcase name="Safety Filter System › should block drug-related keywords" classname="safety-filters.spec.ts" time="0.008">
<failure message="safety-filters.spec.ts:14:3 should block drug-related keywords" type="FAILURE">
<![CDATA[  [desktop-1440p] › safety-filters.spec.ts:14:3 › Safety Filter System › should block drug-related keywords 

    Error: browserType.launch: 
    ╔══════════════════════════════════════════════════════╗
    ║ Host system is missing dependencies to run browsers. ║
    ║ Please install them with the following command:      ║
    ║                                                      ║
    ║     sudo npx playwright install-deps                 ║
    ║                                                      ║
    ║ Alternatively, use apt:                              ║
    ║     sudo apt-get install libglib2.0-0t64\            ║
    ║         libnspr4\                                    ║
    ║         libnss3\                                     ║
    ║         libdbus-1-3\                                 ║
    ║         libatk1.0-0t64\                              ║
    ║         libatk-bridge2.0-0t64\                       ║
    ║         libatspi2.0-0t64\                            ║
    ║         libx11-6\                                    ║
    ║         libxcomposite1\                              ║
    ║         libxdamage1\                                 ║
    ║         libxext6\                                    ║
    ║         libxfixes3\                                  ║
    ║         libxrandr2\                                  ║
    ║         libgbm1\                                     ║
    ║         libxcb1\                                     ║
    ║         libxkbcommon0\                               ║
    ║         libasound2t64                                ║
    ║                                                      ║
    ║ <3 Playwright Team                                   ║
    ╚══════════════════════════════════════════════════════╝
]]>
</failure>
</testcase>
<testcase name="Safety Filter System › should filter violence-related content" classname="safety-filters.spec.ts" time="0.009">
<failure message="safety-filters.spec.ts:37:3 should filter violence-related content" type="FAILURE">
<![CDATA[  [desktop-1440p] › safety-filters.spec.ts:37:3 › Safety Filter System › should filter violence-related content 

    Error: browserType.launch: 
    ╔══════════════════════════════════════════════════════╗
    ║ Host system is missing dependencies to run browsers. ║
    ║ Please install them with the following command:      ║
    ║                                                      ║
    ║     sudo npx playwright install-deps                 ║
    ║                                                      ║
    ║ Alternatively, use apt:                              ║
    ║     sudo apt-get install libglib2.0-0t64\            ║
    ║         libnspr4\                                    ║
    ║         libnss3\                                     ║
    ║         libdbus-1-3\                                 ║
    ║         libatk1.0-0t64\                              ║
    ║         libatk-bridge2.0-0t64\                       ║
    ║         libatspi2.0-0t64\                            ║
    ║         libx11-6\                                    ║
    ║         libxcomposite1\                              ║
    ║         libxdamage1\                                 ║
    ║         libxext6\                                    ║
    ║         libxfixes3\                                  ║
    ║         libxrandr2\                                  ║
    ║         libgbm1\                                     ║
    ║         libxcb1\                                     ║
    ║         libxkbcommon0\                               ║
    ║         libasound2t64                                ║
    ║                                                      ║
    ║ <3 Playwright Team                                   ║
    ╚══════════════════════════════════════════════════════╝
]]>
</failure>
</testcase>
<testcase name="Safety Filter System › should handle Catholic doctrine guidance appropriately" classname="safety-filters.spec.ts" time="0.007">
<failure message="safety-filters.spec.ts:55:3 should handle Catholic doctrine guidance appropriately" type="FAILURE">
<![CDATA[  [desktop-1440p] › safety-filters.spec.ts:55:3 › Safety Filter System › should handle Catholic doctrine guidance appropriately 

    Error: browserType.launch: 
    ╔══════════════════════════════════════════════════════╗
    ║ Host system is missing dependencies to run browsers. ║
    ║ Please install them with the following command:      ║
    ║                                                      ║
    ║     sudo npx playwright install-deps                 ║
    ║                                                      ║
    ║ Alternatively, use apt:                              ║
    ║     sudo apt-get install libglib2.0-0t64\            ║
    ║         libnspr4\                                    ║
    ║         libnss3\                                     ║
    ║         libdbus-1-3\                                 ║
    ║         libatk1.0-0t64\                              ║
    ║         libatk-bridge2.0-0t64\                       ║
    ║         libatspi2.0-0t64\                            ║
    ║         libx11-6\                                    ║
    ║         libxcomposite1\                              ║
    ║         libxdamage1\                                 ║
    ║         libxext6\                                    ║
    ║         libxfixes3\                                  ║
    ║         libxrandr2\                                  ║
    ║         libgbm1\                                     ║
    ║         libxcb1\                                     ║
    ║         libxkbcommon0\                               ║
    ║         libasound2t64                                ║
    ║                                                      ║
    ║ <3 Playwright Team                                   ║
    ╚══════════════════════════════════════════════════════╝
]]>
</failure>
</testcase>
<testcase name="Safety Filter System › should moderate sensitive historical topics" classname="safety-filters.spec.ts" time="0.006">
<failure message="safety-filters.spec.ts:75:3 should moderate sensitive historical topics" type="FAILURE">
<![CDATA[  [desktop-1440p] › safety-filters.spec.ts:75:3 › Safety Filter System › should moderate sensitive historical topics 

    Error: browserType.launch: 
    ╔══════════════════════════════════════════════════════╗
    ║ Host system is missing dependencies to run browsers. ║
    ║ Please install them with the following command:      ║
    ║                                                      ║
    ║     sudo npx playwright install-deps                 ║
    ║                                                      ║
    ║ Alternatively, use apt:                              ║
    ║     sudo apt-get install libglib2.0-0t64\            ║
    ║         libnspr4\                                    ║
    ║         libnss3\                                     ║
    ║         libdbus-1-3\                                 ║
    ║         libatk1.0-0t64\                              ║
    ║         libatk-bridge2.0-0t64\                       ║
    ║         libatspi2.0-0t64\                            ║
    ║         libx11-6\                                    ║
    ║         libxcomposite1\                              ║
    ║         libxdamage1\                                 ║
    ║         libxext6\                                    ║
    ║         libxfixes3\                                  ║
    ║         libxrandr2\                                  ║
    ║         libgbm1\                                     ║
    ║         libxcb1\                                     ║
    ║         libxkbcommon0\                               ║
    ║         libasound2t64                                ║
    ║                                                      ║
    ║ <3 Playwright Team                                   ║
    ╚══════════════════════════════════════════════════════╝
]]>
</failure>
</testcase>
<testcase name="Visual Regression - Safety UI › safety warning modal displays correctly" classname="safety-filters.spec.ts" time="0.006">
<failure message="safety-filters.spec.ts:96:3 safety warning modal displays correctly" type="FAILURE">
<![CDATA[  [desktop-1440p] › safety-filters.spec.ts:96:3 › Visual Regression - Safety UI › safety warning modal displays correctly 

    Error: browserType.launch: 
    ╔══════════════════════════════════════════════════════╗
    ║ Host system is missing dependencies to run browsers. ║
    ║ Please install them with the following command:      ║
    ║                                                      ║
    ║     sudo npx playwright install-deps                 ║
    ║                                                      ║
    ║ Alternatively, use apt:                              ║
    ║     sudo apt-get install libglib2.0-0t64\            ║
    ║         libnspr4\                                    ║
    ║         libnss3\                                     ║
    ║         libdbus-1-3\                                 ║
    ║         libatk1.0-0t64\                              ║
    ║         libatk-bridge2.0-0t64\                       ║
    ║         libatspi2.0-0t64\                            ║
    ║         libx11-6\                                    ║
    ║         libxcomposite1\                              ║
    ║         libxdamage1\                                 ║
    ║         libxext6\                                    ║
    ║         libxfixes3\                                  ║
    ║         libxrandr2\                                  ║
    ║         libgbm1\                                     ║
    ║         libxcb1\                                     ║
    ║         libxkbcommon0\                               ║
    ║         libasound2t64                                ║
    ║                                                      ║
    ║ <3 Playwright Team                                   ║
    ╚══════════════════════════════════════════════════════╝
]]>
</failure>
</testcase>
</testsuite>
</testsuites>